<?xml version="1.0" encoding="UTF-8"?>
<!-- Generated by org.testng.reporters.JUnitXMLReporter -->
<testsuite ignored="1" hostname="LAPTOP-ET2FO7CJ" failures="0" tests="1" name="Amazon web Automation" time="31.186" errors="0" timestamp="2022-08-06T11:04:28 EDT">
  <testcase classname="com.amazon.testPages.HomePageTest.HomePageNewTest" name="verifySofasWebElement" time="27.065"/>
  <testcase classname="com.amazon.testPages.HomePageTest.HomePageNewTest" name="verifySearchValidProduct" time="0.0">
    <ignored/>
  </testcase> <!-- verifySearchValidProduct -->
</testsuite> <!-- Amazon web Automation -->
