<?xml version="1.0" encoding="UTF-8"?>
<!-- Generated by org.testng.reporters.JUnitXMLReporter -->
<testsuite ignored="1" hostname="LAPTOP-ET2FO7CJ" failures="0" tests="1" name="Amazon web Automation" time="34.413" errors="0" timestamp="2022-07-25T22:27:11 EDT">
  <testcase classname="com.amazon.testPages.HomePageTest.HomePageNewTest" name="verifySofasWebElement" time="30.132"/>
  <testcase classname="com.amazon.testPages.HomePageTest.HomePageNewTest" name="verifySearchValidProduct" time="0.0">
    <ignored/>
  </testcase> <!-- verifySearchValidProduct -->
</testsuite> <!-- Amazon web Automation -->
