<?xml version="1.0" encoding="UTF-8"?>
<testng-results ignored="1" total="2" passed="1" failed="0" skipped="0">
  <reporter-output>
    <line>
      <![CDATA[Extent Report DirectoryC:\Users\msakt\IdeaProjects\LearnTDDWebAutomationFramework\target\surefire-reports\html]]>
    </line>
    <line>
      <![CDATA[Browser : chrome]]>
    </line>
    <line>
      <![CDATA[Url : https://www.amazon.com/]]>
    </line>
  </reporter-output>
  <suite started-at="2022-07-26T15:14:15 EDT" name="Amazon Test Suite" finished-at="2022-07-26T15:14:22 EDT" duration-ms="7339">
    <groups>
    </groups>
    <test started-at="2022-07-26T15:14:15 EDT" name="Amazon web Automation" finished-at="2022-07-26T15:14:22 EDT" duration-ms="7339">
      <class name="com.amazon.testPages.HomePageTest.HomePageNewTest">
        <test-method is-config="true" signature="extentSetup(org.testng.ITestContext)[pri:0, instance:com.amazon.testPages.HomePageTest.HomePageNewTest@18271936]" started-at="2022-07-26T15:14:15 EDT" name="extentSetup" finished-at="2022-07-26T15:14:15 EDT" duration-ms="94" status="PASS">
          <params>
            <param index="0">
              <value>
                <![CDATA[org.testng.TestRunner@5a50d9fc]]>
              </value>
            </param>
          </params>
          <reporter-output>
            <line>
              <![CDATA[Extent Report DirectoryC:\Users\msakt\IdeaProjects\LearnTDDWebAutomationFramework\target\surefire-reports\html]]>
            </line>
          </reporter-output>
        </test-method> <!-- extentSetup -->
        <test-method is-config="true" signature="setUp(boolean,java.lang.String,java.lang.String,java.lang.String,java.lang.String,java.lang.String,java.lang.String)[pri:0, instance:com.amazon.testPages.HomePageTest.HomePageNewTest@18271936]" started-at="2022-07-26T15:14:15 EDT" name="setUp" finished-at="2022-07-26T15:14:19 EDT" duration-ms="4064" status="PASS">
          <params>
            <param index="0">
              <value>
                <![CDATA[false]]>
              </value>
            </param>
            <param index="1">
              <value>
                <![CDATA[browserStack]]>
              </value>
            </param>
            <param index="2">
              <value>
                <![CDATA[windows]]>
              </value>
            </param>
            <param index="3">
              <value>
                <![CDATA[10]]>
              </value>
            </param>
            <param index="4">
              <value>
                <![CDATA[chrome]]>
              </value>
            </param>
            <param index="5">
              <value>
                <![CDATA[103]]>
              </value>
            </param>
            <param index="6">
              <value>
                <![CDATA[https://www.amazon.com/]]>
              </value>
            </param>
          </params>
          <reporter-output>
            <line>
              <![CDATA[Browser : chrome]]>
            </line>
            <line>
              <![CDATA[Url : https://www.amazon.com/]]>
            </line>
          </reporter-output>
        </test-method> <!-- setUp -->
        <test-method is-config="true" signature="setUpAutomation()[pri:0, instance:com.amazon.testPages.HomePageTest.HomePageNewTest@18271936]" started-at="2022-07-26T15:14:15 EDT" name="setUpAutomation" finished-at="2022-07-26T15:14:15 EDT" duration-ms="0" status="PASS">
          <reporter-output>
          </reporter-output>
        </test-method> <!-- setUpAutomation -->
        <test-method is-config="true" signature="startExtent(java.lang.reflect.Method)[pri:0, instance:com.amazon.testPages.HomePageTest.HomePageNewTest@18271936]" started-at="2022-07-26T15:14:19 EDT" name="startExtent" finished-at="2022-07-26T15:14:19 EDT" duration-ms="3" status="PASS">
          <params>
            <param index="0">
              <value>
                <![CDATA[public void com.amazon.testPages.HomePageTest.HomePageNewTest.verifySearchValidProduct()]]>
              </value>
            </param>
          </params>
          <reporter-output>
          </reporter-output>
        </test-method> <!-- startExtent -->
        <test-method signature="verifySearchValidProduct()[pri:0, instance:com.amazon.testPages.HomePageTest.HomePageNewTest@18271936]" started-at="2022-07-26T15:14:19 EDT" name="verifySearchValidProduct" finished-at="2022-07-26T15:14:22 EDT" duration-ms="2514" status="PASS">
          <reporter-output>
          </reporter-output>
        </test-method> <!-- verifySearchValidProduct -->
        <test-method is-config="true" signature="afterEachTestMethod(org.testng.ITestResult)[pri:0, instance:com.amazon.testPages.HomePageTest.HomePageNewTest@18271936]" started-at="2022-07-26T15:14:22 EDT" name="afterEachTestMethod" finished-at="2022-07-26T15:14:22 EDT" duration-ms="144" status="PASS">
          <params>
            <param index="0">
              <value>
                <![CDATA[[TestResult name=verifySearchValidProduct status=SUCCESS method=HomePageNewTest.verifySearchValidProduct()[pri:0, instance:com.amazon.testPages.HomePageTest.HomePageNewTest@18271936] output={null}]]]>
              </value>
            </param>
          </params>
          <reporter-output>
          </reporter-output>
        </test-method> <!-- afterEachTestMethod -->
        <test-method is-config="true" signature="tearDownAutomation()[pri:0, instance:com.amazon.testPages.HomePageTest.HomePageNewTest@18271936]" started-at="2022-07-26T15:14:22 EDT" name="tearDownAutomation" finished-at="2022-07-26T15:14:22 EDT" duration-ms="596" status="PASS">
          <reporter-output>
          </reporter-output>
        </test-method> <!-- tearDownAutomation -->
        <test-method is-config="true" signature="generateReport()[pri:0, instance:com.amazon.testPages.HomePageTest.HomePageNewTest@18271936]" started-at="2022-07-26T15:14:22 EDT" name="generateReport" finished-at="2022-07-26T15:14:22 EDT" duration-ms="26" status="PASS">
          <reporter-output>
          </reporter-output>
        </test-method> <!-- generateReport -->
      </class> <!-- com.amazon.testPages.HomePageTest.HomePageNewTest -->
    </test> <!-- Amazon web Automation -->
  </suite> <!-- Amazon Test Suite -->
</testng-results>
